<?xml version="1.0" encoding="UTF-8"?>
<testng-results skipped="0" failed="0" ignored="0" total="1" passed="1">
  <reporter-output>
    <line>
      <![CDATA[Test Started::verifyLoginWithInvalidCredentails]]>
    </line>
  </reporter-output>
  <suite name="Suite" duration-ms="20496" started-at="2017-12-10T14:13:40Z" finished-at="2017-12-10T14:14:01Z">
    <groups>
    </groups>
    <test name="Test" duration-ms="20496" started-at="2017-12-10T14:13:40Z" finished-at="2017-12-10T14:14:01Z">
      <class name="com.homepage.TS001_LoginCreadentialWithInvaliedData">
        <test-method status="PASS" signature="setup()[pri:0, instance:com.homepage.TS001_LoginCreadentialWithInvaliedData@462d5aee]" name="setup" is-config="true" duration-ms="15080" started-at="2017-12-10T19:43:40Z" finished-at="2017-12-10T19:43:55Z">
          <reporter-output>
          </reporter-output>
        </test-method> <!-- setup -->
        <test-method status="PASS" signature="verifyLoginWithInvalidCredentails()[pri:0, instance:com.homepage.TS001_LoginCreadentialWithInvaliedData@462d5aee]" name="verifyLoginWithInvalidCredentails" duration-ms="4724" started-at="2017-12-10T19:43:55Z" finished-at="2017-12-10T19:44:00Z">
          <reporter-output>
            <line>
              <![CDATA[Test Started::verifyLoginWithInvalidCredentails]]>
            </line>
          </reporter-output>
        </test-method> <!-- verifyLoginWithInvalidCredentails -->
        <test-method status="PASS" signature="endTest()[pri:0, instance:com.homepage.TS001_LoginCreadentialWithInvaliedData@462d5aee]" name="endTest" is-config="true" duration-ms="231" started-at="2017-12-10T19:44:00Z" finished-at="2017-12-10T19:44:01Z">
          <reporter-output>
          </reporter-output>
        </test-method> <!-- endTest -->
      </class> <!-- com.homepage.TS001_LoginCreadentialWithInvaliedData -->
    </test> <!-- Test -->
  </suite> <!-- Suite -->
</testng-results>
